2026-06-26 15:24:59,031 [INFO] ============================================================
2026-06-26 15:24:59,031 [INFO] LCID Short Trader — PAPER | 2026-06-26 11:24 ET
2026-06-26 15:24:59,031 [INFO] ============================================================
2026-06-26 15:24:59,031 [INFO] Checking exit...
2026-06-26 15:24:59,031 [INFO] Checking entry signal...
2026-06-26 15:24:59,299 [WARNING] Could not fetch price data, skipping signal check
2026-06-26 15:24:59,299 [INFO]   No signal (need +10%, have +0.00%)
2026-06-26 15:24:59,300 [INFO] ────────────────────────────────────────────────────────────
2026-06-26 15:24:59,300 [INFO] No open position
2026-06-26 15:24:59,300 [INFO] No closed trades yet
2026-06-26 15:24:59,300 [INFO] ────────────────────────────────────────────────────────────
2026-06-26 17:16:43,192 [INFO] ============================================================
2026-06-26 17:16:43,192 [INFO] LCID Short Trader — PAPER | 2026-06-26 13:16 ET
2026-06-26 17:16:43,192 [INFO] ============================================================
2026-06-26 17:16:43,192 [INFO] Checking exit...
2026-06-26 17:16:43,192 [INFO] Checking entry signal...
2026-06-26 17:16:43,421 [WARNING] Could not fetch price data, skipping signal check
2026-06-26 17:16:43,421 [INFO]   No signal (need +10%, have +0.00%)
2026-06-26 17:16:43,421 [INFO] ────────────────────────────────────────────────────────────
2026-06-26 17:16:43,421 [INFO] No open position
2026-06-26 17:16:43,421 [INFO] No closed trades yet
2026-06-26 17:16:43,421 [INFO] ────────────────────────────────────────────────────────────
2026-06-26 19:19:45,652 [INFO] ============================================================
2026-06-26 19:19:45,652 [INFO] LCID Short Trader — PAPER | 2026-06-26 15:19 ET
2026-06-26 19:19:45,652 [INFO] ============================================================
2026-06-26 19:19:45,653 [INFO] Checking exit...
2026-06-26 19:19:45,653 [INFO] Checking entry signal...
2026-06-26 19:19:45,892 [WARNING] Could not fetch price data, skipping signal check
2026-06-26 19:19:45,892 [INFO]   No signal (need +10%, have +0.00%)
2026-06-26 19:19:45,892 [INFO] ────────────────────────────────────────────────────────────
2026-06-26 19:19:45,892 [INFO] No open position
2026-06-26 19:19:45,892 [INFO] No closed trades yet
2026-06-26 19:19:45,892 [INFO] ────────────────────────────────────────────────────────────
2026-06-26 21:07:30,790 [INFO] ============================================================
2026-06-26 21:07:30,790 [INFO] LCID Short Trader — PAPER | 2026-06-26 17:07 ET
2026-06-26 21:07:30,790 [INFO] ============================================================
2026-06-26 21:07:30,790 [INFO] Outside market hours (9:30–16:00 ET weekdays) — nothing to do
2026-06-26 21:07:30,790 [INFO] ────────────────────────────────────────────────────────────
2026-06-26 21:07:30,790 [INFO] No open position
2026-06-26 21:07:30,790 [INFO] No closed trades yet
2026-06-26 21:07:30,790 [INFO] ────────────────────────────────────────────────────────────
2026-06-26 22:12:52,371 [INFO] ============================================================
2026-06-26 22:12:52,371 [INFO] LCID Short Trader — PAPER | 2026-06-26 18:12 ET
2026-06-26 22:12:52,371 [INFO] ============================================================
2026-06-26 22:12:52,371 [INFO] Outside market hours (9:30–16:00 ET weekdays) — nothing to do
2026-06-26 22:12:52,371 [INFO] ────────────────────────────────────────────────────────────
2026-06-26 22:12:52,372 [INFO] No open position
2026-06-26 22:12:52,372 [INFO] No closed trades yet
2026-06-26 22:12:52,372 [INFO] ────────────────────────────────────────────────────────────
2026-06-29 16:39:22,811 [INFO] ============================================================
2026-06-29 16:39:22,811 [INFO] LCID Short Trader — PAPER | 2026-06-29 12:39 ET
2026-06-29 16:39:22,811 [INFO] ============================================================
2026-06-29 16:39:22,811 [INFO] Checking exit...
2026-06-29 16:39:22,811 [INFO] Checking entry signal...
2026-06-29 16:39:23,300 [WARNING] Could not fetch price data, skipping signal check
2026-06-29 16:39:23,300 [INFO]   No signal (need +10%, have +0.00%)
2026-06-29 16:39:23,300 [INFO] ────────────────────────────────────────────────────────────
2026-06-29 16:39:23,300 [INFO] No open position
2026-06-29 16:39:23,300 [INFO] No closed trades yet
2026-06-29 16:39:23,300 [INFO] ────────────────────────────────────────────────────────────
2026-06-29 18:34:01,922 [INFO] ============================================================
2026-06-29 18:34:01,922 [INFO] LCID Short Trader — PAPER | 2026-06-29 14:34 ET
2026-06-29 18:34:01,922 [INFO] ============================================================
2026-06-29 18:34:01,922 [INFO] Checking exit...
2026-06-29 18:34:01,922 [INFO] Checking entry signal...
2026-06-29 18:34:02,260 [WARNING] Could not fetch price data, skipping signal check
2026-06-29 18:34:02,260 [INFO]   No signal (need +10%, have +0.00%)
2026-06-29 18:34:02,260 [INFO] ────────────────────────────────────────────────────────────
2026-06-29 18:34:02,260 [INFO] No open position
2026-06-29 18:34:02,260 [INFO] No closed trades yet
2026-06-29 18:34:02,260 [INFO] ────────────────────────────────────────────────────────────
2026-06-29 20:32:18,072 [INFO] ============================================================
2026-06-29 20:32:18,072 [INFO] LCID Short Trader — PAPER | 2026-06-29 16:32 ET
2026-06-29 20:32:18,072 [INFO] ============================================================
2026-06-29 20:32:18,072 [INFO] Outside market hours (9:30–16:00 ET weekdays) — nothing to do
2026-06-29 20:32:18,072 [INFO] ────────────────────────────────────────────────────────────
2026-06-29 20:32:18,072 [INFO] No open position
2026-06-29 20:32:18,072 [INFO] No closed trades yet
2026-06-29 20:32:18,072 [INFO] ────────────────────────────────────────────────────────────
2026-06-29 22:00:31,700 [INFO] ============================================================
2026-06-29 22:00:31,700 [INFO] LCID Short Trader — PAPER | 2026-06-29 18:00 ET
2026-06-29 22:00:31,700 [INFO] ============================================================
2026-06-29 22:00:31,700 [INFO] Outside market hours (9:30–16:00 ET weekdays) — nothing to do
2026-06-29 22:00:31,700 [INFO] ────────────────────────────────────────────────────────────
2026-06-29 22:00:31,700 [INFO] No open position
2026-06-29 22:00:31,700 [INFO] No closed trades yet
2026-06-29 22:00:31,700 [INFO] ────────────────────────────────────────────────────────────
2026-06-29 22:08:02,956 [INFO] ============================================================
2026-06-29 22:08:02,956 [INFO] LCID Short Trader — PAPER | 2026-06-29 18:08 ET
2026-06-29 22:08:02,956 [INFO] ============================================================
2026-06-29 22:08:02,956 [INFO] Outside market hours (9:30–16:00 ET weekdays) — nothing to do
2026-06-29 22:08:02,956 [INFO] ────────────────────────────────────────────────────────────
2026-06-29 22:08:02,956 [INFO] No open position
2026-06-29 22:08:02,956 [INFO] No closed trades yet
2026-06-29 22:08:02,956 [INFO] ────────────────────────────────────────────────────────────
2026-06-30 15:30:22,037 [INFO] ============================================================
2026-06-30 15:30:22,037 [INFO] LCID Short Trader — PAPER | 2026-06-30 11:30 ET
2026-06-30 15:30:22,037 [INFO] ============================================================
2026-06-30 15:30:22,037 [INFO] Checking exit...
2026-06-30 15:30:22,038 [INFO] Checking entry signal...
2026-06-30 15:30:22,304 [WARNING] Could not fetch price data, skipping signal check
2026-06-30 15:30:22,304 [INFO]   No signal (need +10%, have +0.00%)
2026-06-30 15:30:22,305 [INFO] ────────────────────────────────────────────────────────────
2026-06-30 15:30:22,305 [INFO] No open position
2026-06-30 15:30:22,305 [INFO] No closed trades yet
2026-06-30 15:30:22,305 [INFO] ────────────────────────────────────────────────────────────
2026-06-30 17:26:54,127 [INFO] ============================================================
2026-06-30 17:26:54,127 [INFO] LCID Short Trader — PAPER | 2026-06-30 13:26 ET
2026-06-30 17:26:54,127 [INFO] ============================================================
2026-06-30 17:26:54,128 [INFO] Checking exit...
2026-06-30 17:26:54,128 [INFO] Checking entry signal...
2026-06-30 17:26:54,407 [WARNING] Could not fetch price data, skipping signal check
2026-06-30 17:26:54,407 [INFO]   No signal (need +10%, have +0.00%)
2026-06-30 17:26:54,408 [INFO] ────────────────────────────────────────────────────────────
2026-06-30 17:26:54,408 [INFO] No open position
2026-06-30 17:26:54,408 [INFO] No closed trades yet
2026-06-30 17:26:54,408 [INFO] ────────────────────────────────────────────────────────────
2026-06-30 19:21:25,914 [INFO] ============================================================
2026-06-30 19:21:25,915 [INFO] LCID Short Trader — PAPER | 2026-06-30 15:21 ET
2026-06-30 19:21:25,915 [INFO] ============================================================
2026-06-30 19:21:25,915 [INFO] Checking exit...
2026-06-30 19:21:25,915 [INFO] Checking entry signal...
2026-06-30 19:21:26,497 [WARNING] Could not fetch price data, skipping signal check
2026-06-30 19:21:26,497 [INFO]   No signal (need +10%, have +0.00%)
2026-06-30 19:21:26,497 [INFO] ────────────────────────────────────────────────────────────
2026-06-30 19:21:26,497 [INFO] No open position
2026-06-30 19:21:26,497 [INFO] No closed trades yet
2026-06-30 19:21:26,498 [INFO] ────────────────────────────────────────────────────────────
2026-06-30 21:15:00,482 [INFO] ============================================================
2026-06-30 21:15:00,482 [INFO] LCID Short Trader — PAPER | 2026-06-30 17:15 ET
2026-06-30 21:15:00,482 [INFO] ============================================================
2026-06-30 21:15:00,482 [INFO] Outside market hours (9:30–16:00 ET weekdays) — nothing to do
2026-06-30 21:15:00,482 [INFO] ────────────────────────────────────────────────────────────
2026-06-30 21:15:00,482 [INFO] No open position
2026-06-30 21:15:00,482 [INFO] No closed trades yet
2026-06-30 21:15:00,482 [INFO] ────────────────────────────────────────────────────────────
2026-06-30 22:15:08,105 [INFO] ============================================================
2026-06-30 22:15:08,105 [INFO] LCID Short Trader — PAPER | 2026-06-30 18:15 ET
2026-06-30 22:15:08,105 [INFO] ============================================================
2026-06-30 22:15:08,105 [INFO] Outside market hours (9:30–16:00 ET weekdays) — nothing to do
2026-06-30 22:15:08,105 [INFO] ────────────────────────────────────────────────────────────
2026-06-30 22:15:08,105 [INFO] No open position
2026-06-30 22:15:08,105 [INFO] No closed trades yet
2026-06-30 22:15:08,105 [INFO] ────────────────────────────────────────────────────────────
2026-07-01 15:44:11,955 [INFO] ============================================================
2026-07-01 15:44:11,956 [INFO] LCID Short Trader — PAPER | 2026-07-01 11:44 ET
2026-07-01 15:44:11,956 [INFO] ============================================================
2026-07-01 15:44:11,956 [INFO] Checking exit...
2026-07-01 15:44:11,956 [INFO] Checking entry signal...
2026-07-01 15:44:12,214 [WARNING] Could not fetch price data, skipping signal check
2026-07-01 15:44:12,214 [INFO]   No signal (need +10%, have +0.00%)
2026-07-01 15:44:12,214 [INFO] ────────────────────────────────────────────────────────────
2026-07-01 15:44:12,214 [INFO] No open position
2026-07-01 15:44:12,214 [INFO] No closed trades yet
2026-07-01 15:44:12,214 [INFO] ────────────────────────────────────────────────────────────
2026-07-01 17:33:39,672 [INFO] ============================================================
2026-07-01 17:33:39,672 [INFO] LCID Short Trader — PAPER | 2026-07-01 13:33 ET
2026-07-01 17:33:39,672 [INFO] ============================================================
2026-07-01 17:33:39,672 [INFO] Checking exit...
2026-07-01 17:33:39,672 [INFO] Checking entry signal...
2026-07-01 17:33:39,889 [WARNING] Could not fetch price data, skipping signal check
2026-07-01 17:33:39,889 [INFO]   No signal (need +10%, have +0.00%)
2026-07-01 17:33:39,889 [INFO] ────────────────────────────────────────────────────────────
2026-07-01 17:33:39,889 [INFO] No open position
2026-07-01 17:33:39,889 [INFO] No closed trades yet
2026-07-01 17:33:39,889 [INFO] ────────────────────────────────────────────────────────────
2026-07-01 19:24:24,033 [INFO] ============================================================
2026-07-01 19:24:24,034 [INFO] LCID Short Trader — PAPER | 2026-07-01 15:24 ET
2026-07-01 19:24:24,034 [INFO] ============================================================
2026-07-01 19:24:24,034 [INFO] Checking exit...
2026-07-01 19:24:24,034 [INFO] Checking entry signal...
2026-07-01 19:24:24,361 [WARNING] Could not fetch price data, skipping signal check
2026-07-01 19:24:24,361 [INFO]   No signal (need +10%, have +0.00%)
2026-07-01 19:24:24,362 [INFO] ────────────────────────────────────────────────────────────
2026-07-01 19:24:24,362 [INFO] No open position
2026-07-01 19:24:24,362 [INFO] No closed trades yet
2026-07-01 19:24:24,362 [INFO] ────────────────────────────────────────────────────────────
2026-07-01 21:07:35,586 [INFO] ============================================================
2026-07-01 21:07:35,586 [INFO] LCID Short Trader — PAPER | 2026-07-01 17:07 ET
2026-07-01 21:07:35,586 [INFO] ============================================================
2026-07-01 21:07:35,586 [INFO] Outside market hours (9:30–16:00 ET weekdays) — nothing to do
2026-07-01 21:07:35,587 [INFO] ────────────────────────────────────────────────────────────
2026-07-01 21:07:35,587 [INFO] No open position
2026-07-01 21:07:35,587 [INFO] No closed trades yet
2026-07-01 21:07:35,587 [INFO] ────────────────────────────────────────────────────────────
2026-07-01 22:17:06,134 [INFO] ============================================================
2026-07-01 22:17:06,134 [INFO] LCID Short Trader — PAPER | 2026-07-01 18:17 ET
2026-07-01 22:17:06,134 [INFO] ============================================================
2026-07-01 22:17:06,134 [INFO] Outside market hours (9:30–16:00 ET weekdays) — nothing to do
2026-07-01 22:17:06,134 [INFO] ────────────────────────────────────────────────────────────
2026-07-01 22:17:06,134 [INFO] No open position
2026-07-01 22:17:06,134 [INFO] No closed trades yet
2026-07-01 22:17:06,134 [INFO] ────────────────────────────────────────────────────────────
2026-07-02 15:17:56,805 [INFO] ============================================================
2026-07-02 15:17:56,805 [INFO] LCID Short Trader — PAPER | 2026-07-02 11:17 ET
2026-07-02 15:17:56,806 [INFO] ============================================================
2026-07-02 15:17:56,806 [INFO] Checking exit...
2026-07-02 15:17:56,806 [INFO] Checking entry signal...
2026-07-02 15:17:57,156 [WARNING] Could not fetch price data, skipping signal check
2026-07-02 15:17:57,156 [INFO]   No signal (need +10%, have +0.00%)
2026-07-02 15:17:57,156 [INFO] ────────────────────────────────────────────────────────────
2026-07-02 15:17:57,157 [INFO] No open position
2026-07-02 15:17:57,157 [INFO] No closed trades yet
2026-07-02 15:17:57,157 [INFO] ────────────────────────────────────────────────────────────
2026-07-02 17:12:01,280 [INFO] ============================================================
2026-07-02 17:12:01,280 [INFO] LCID Short Trader — PAPER | 2026-07-02 13:12 ET
2026-07-02 17:12:01,280 [INFO] ============================================================
2026-07-02 17:12:01,281 [INFO] Checking exit...
2026-07-02 17:12:01,281 [INFO] Checking entry signal...
2026-07-02 17:12:01,551 [WARNING] Could not fetch price data, skipping signal check
2026-07-02 17:12:01,551 [INFO]   No signal (need +10%, have +0.00%)
2026-07-02 17:12:01,551 [INFO] ────────────────────────────────────────────────────────────
2026-07-02 17:12:01,551 [INFO] No open position
2026-07-02 17:12:01,551 [INFO] No closed trades yet
2026-07-02 17:12:01,551 [INFO] ────────────────────────────────────────────────────────────
2026-07-02 18:49:44,110 [INFO] ============================================================
2026-07-02 18:49:44,110 [INFO] LCID Short Trader — PAPER | 2026-07-02 14:49 ET
2026-07-02 18:49:44,110 [INFO] ============================================================
2026-07-02 18:49:44,110 [INFO] Checking exit...
2026-07-02 18:49:44,110 [INFO] Checking entry signal...
2026-07-02 18:49:44,348 [WARNING] Could not fetch price data, skipping signal check
2026-07-02 18:49:44,348 [INFO]   No signal (need +10%, have +0.00%)
2026-07-02 18:49:44,348 [INFO] ────────────────────────────────────────────────────────────
2026-07-02 18:49:44,349 [INFO] No open position
2026-07-02 18:49:44,349 [INFO] No closed trades yet
2026-07-02 18:49:44,349 [INFO] ────────────────────────────────────────────────────────────
2026-07-02 20:20:24,693 [INFO] ============================================================
2026-07-02 20:20:24,694 [INFO] LCID Short Trader — PAPER | 2026-07-02 16:20 ET
2026-07-02 20:20:24,694 [INFO] ============================================================
2026-07-02 20:20:24,694 [INFO] Outside market hours (9:30–16:00 ET weekdays) — nothing to do
2026-07-02 20:20:24,694 [INFO] ────────────────────────────────────────────────────────────
2026-07-02 20:20:24,694 [INFO] No open position
2026-07-02 20:20:24,694 [INFO] No closed trades yet
2026-07-02 20:20:24,694 [INFO] ────────────────────────────────────────────────────────────
2026-07-02 21:45:17,030 [INFO] ============================================================
2026-07-02 21:45:17,030 [INFO] LCID Short Trader — PAPER | 2026-07-02 17:45 ET
2026-07-02 21:45:17,030 [INFO] ============================================================
2026-07-02 21:45:17,030 [INFO] Outside market hours (9:30–16:00 ET weekdays) — nothing to do
2026-07-02 21:45:17,030 [INFO] ────────────────────────────────────────────────────────────
2026-07-02 21:45:17,030 [INFO] No open position
2026-07-02 21:45:17,030 [INFO] No closed trades yet
2026-07-02 21:45:17,031 [INFO] ────────────────────────────────────────────────────────────
2026-07-02 22:05:48,613 [INFO] ============================================================
2026-07-02 22:05:48,613 [INFO] LCID Short Trader — PAPER | 2026-07-02 18:05 ET
2026-07-02 22:05:48,614 [INFO] ============================================================
2026-07-02 22:05:48,614 [INFO] Outside market hours (9:30–16:00 ET weekdays) — nothing to do
2026-07-02 22:05:48,614 [INFO] ────────────────────────────────────────────────────────────
2026-07-02 22:05:48,614 [INFO] No open position
2026-07-02 22:05:48,614 [INFO] No closed trades yet
2026-07-02 22:05:48,614 [INFO] ────────────────────────────────────────────────────────────
2026-07-03 15:12:51,911 [INFO] ============================================================
2026-07-03 15:12:51,911 [INFO] LCID Short Trader — PAPER | 2026-07-03 11:12 ET
2026-07-03 15:12:51,911 [INFO] ============================================================
2026-07-03 15:12:51,911 [INFO] Checking exit...
2026-07-03 15:12:51,911 [INFO] Checking entry signal...
2026-07-03 15:12:52,201 [WARNING] Could not fetch price data, skipping signal check
2026-07-03 15:12:52,201 [INFO]   No signal (need +10%, have +0.00%)
2026-07-03 15:12:52,201 [INFO] ────────────────────────────────────────────────────────────
2026-07-03 15:12:52,201 [INFO] No open position
2026-07-03 15:12:52,201 [INFO] No closed trades yet
2026-07-03 15:12:52,201 [INFO] ────────────────────────────────────────────────────────────
2026-07-03 16:46:52,236 [INFO] ============================================================
2026-07-03 16:46:52,236 [INFO] LCID Short Trader — PAPER | 2026-07-03 12:46 ET
2026-07-03 16:46:52,236 [INFO] ============================================================
2026-07-03 16:46:52,236 [INFO] Checking exit...
2026-07-03 16:46:52,236 [INFO] Checking entry signal...
2026-07-03 16:46:52,573 [WARNING] Could not fetch price data, skipping signal check
2026-07-03 16:46:52,573 [INFO]   No signal (need +10%, have +0.00%)
2026-07-03 16:46:52,574 [INFO] ────────────────────────────────────────────────────────────
2026-07-03 16:46:52,574 [INFO] No open position
2026-07-03 16:46:52,574 [INFO] No closed trades yet
2026-07-03 16:46:52,574 [INFO] ────────────────────────────────────────────────────────────
2026-07-03 18:14:17,807 [INFO] ============================================================
2026-07-03 18:14:17,807 [INFO] LCID Short Trader — PAPER | 2026-07-03 14:14 ET
2026-07-03 18:14:17,807 [INFO] ============================================================
2026-07-03 18:14:17,807 [INFO] Checking exit...
2026-07-03 18:14:17,807 [INFO] Checking entry signal...
2026-07-03 18:14:18,440 [WARNING] Could not fetch price data, skipping signal check
2026-07-03 18:14:18,440 [INFO]   No signal (need +10%, have +0.00%)
2026-07-03 18:14:18,440 [INFO] ────────────────────────────────────────────────────────────
2026-07-03 18:14:18,440 [INFO] No open position
2026-07-03 18:14:18,440 [INFO] No closed trades yet
2026-07-03 18:14:18,440 [INFO] ────────────────────────────────────────────────────────────
2026-07-03 19:53:31,660 [INFO] ============================================================
2026-07-03 19:53:31,660 [INFO] LCID Short Trader — PAPER | 2026-07-03 15:53 ET
2026-07-03 19:53:31,660 [INFO] ============================================================
2026-07-03 19:53:31,660 [INFO] Checking exit...
2026-07-03 19:53:31,661 [INFO] Checking entry signal...
2026-07-03 19:53:32,152 [WARNING] Could not fetch price data, skipping signal check
2026-07-03 19:53:32,152 [INFO]   No signal (need +10%, have +0.00%)
2026-07-03 19:53:32,152 [INFO] ────────────────────────────────────────────────────────────
2026-07-03 19:53:32,152 [INFO] No open position
2026-07-03 19:53:32,152 [INFO] No closed trades yet
2026-07-03 19:53:32,152 [INFO] ────────────────────────────────────────────────────────────
2026-07-03 21:09:27,586 [INFO] ============================================================
2026-07-03 21:09:27,586 [INFO] LCID Short Trader — PAPER | 2026-07-03 17:09 ET
2026-07-03 21:09:27,586 [INFO] ============================================================
2026-07-03 21:09:27,586 [INFO] Outside market hours (9:30–16:00 ET weekdays) — nothing to do
2026-07-03 21:09:27,586 [INFO] ────────────────────────────────────────────────────────────
2026-07-03 21:09:27,586 [INFO] No open position
2026-07-03 21:09:27,586 [INFO] No closed trades yet
2026-07-03 21:09:27,586 [INFO] ────────────────────────────────────────────────────────────
2026-07-03 22:04:00,505 [INFO] ============================================================
2026-07-03 22:04:00,505 [INFO] LCID Short Trader — PAPER | 2026-07-03 18:04 ET
2026-07-03 22:04:00,505 [INFO] ============================================================
2026-07-03 22:04:00,505 [INFO] Outside market hours (9:30–16:00 ET weekdays) — nothing to do
2026-07-03 22:04:00,505 [INFO] ────────────────────────────────────────────────────────────
2026-07-03 22:04:00,505 [INFO] No open position
2026-07-03 22:04:00,505 [INFO] No closed trades yet
2026-07-03 22:04:00,505 [INFO] ────────────────────────────────────────────────────────────
2026-07-06 16:21:58,700 [INFO] ============================================================
2026-07-06 16:21:58,700 [INFO] LCID Short Trader — PAPER | 2026-07-06 12:21 ET
2026-07-06 16:21:58,700 [INFO] ============================================================
2026-07-06 16:21:58,700 [INFO] Checking exit...
2026-07-06 16:21:58,700 [INFO] Checking entry signal...
2026-07-06 16:21:58,937 [WARNING] Could not fetch price data, skipping signal check
2026-07-06 16:21:58,937 [INFO]   No signal (need +10%, have +0.00%)
2026-07-06 16:21:58,937 [INFO] ────────────────────────────────────────────────────────────
2026-07-06 16:21:58,938 [INFO] No open position
2026-07-06 16:21:58,938 [INFO] No closed trades yet
2026-07-06 16:21:58,938 [INFO] ────────────────────────────────────────────────────────────
2026-07-06 18:27:02,812 [INFO] ============================================================
2026-07-06 18:27:02,813 [INFO] LCID Short Trader — PAPER | 2026-07-06 14:27 ET
2026-07-06 18:27:02,813 [INFO] ============================================================
2026-07-06 18:27:02,813 [INFO] Checking exit...
2026-07-06 18:27:02,813 [INFO] Checking entry signal...
2026-07-06 18:27:03,160 [WARNING] Could not fetch price data, skipping signal check
2026-07-06 18:27:03,160 [INFO]   No signal (need +10%, have +0.00%)
2026-07-06 18:27:03,160 [INFO] ────────────────────────────────────────────────────────────
2026-07-06 18:27:03,160 [INFO] No open position
2026-07-06 18:27:03,160 [INFO] No closed trades yet
2026-07-06 18:27:03,160 [INFO] ────────────────────────────────────────────────────────────
2026-07-06 20:27:17,220 [INFO] ============================================================
2026-07-06 20:27:17,220 [INFO] LCID Short Trader — PAPER | 2026-07-06 16:27 ET
2026-07-06 20:27:17,220 [INFO] ============================================================
2026-07-06 20:27:17,220 [INFO] Outside market hours (9:30–16:00 ET weekdays) — nothing to do
2026-07-06 20:27:17,220 [INFO] ────────────────────────────────────────────────────────────
2026-07-06 20:27:17,221 [INFO] No open position
2026-07-06 20:27:17,221 [INFO] No closed trades yet
2026-07-06 20:27:17,221 [INFO] ────────────────────────────────────────────────────────────
2026-07-06 21:56:40,537 [INFO] ============================================================
2026-07-06 21:56:40,537 [INFO] LCID Short Trader — PAPER | 2026-07-06 17:56 ET
2026-07-06 21:56:40,537 [INFO] ============================================================
2026-07-06 21:56:40,537 [INFO] Outside market hours (9:30–16:00 ET weekdays) — nothing to do
2026-07-06 21:56:40,537 [INFO] ────────────────────────────────────────────────────────────
2026-07-06 21:56:40,537 [INFO] No open position
2026-07-06 21:56:40,537 [INFO] No closed trades yet
2026-07-06 21:56:40,537 [INFO] ────────────────────────────────────────────────────────────
