2026-05-26 17:37:31,252 [INFO] ============================================================
2026-05-26 17:37:31,252 [INFO] Live Trader — PAPER MODE — 2026-05-27 00:37 UTC
2026-05-26 17:37:31,252 [INFO] ============================================================
2026-05-26 17:37:31,255 [INFO] ────────────────────────────────────────────────────────────
2026-05-26 17:37:31,255 [INFO] Open positions: 0
2026-05-26 17:37:31,255 [INFO] ────────────────────────────────────────────────────────────
2026-05-27 00:59:47,818 [INFO] ============================================================
2026-05-27 00:59:47,818 [INFO] Live Trader — PAPER MODE — 2026-05-27 00:59 UTC
2026-05-27 00:59:47,818 [INFO] ============================================================
2026-05-27 00:59:47,821 [INFO] Checking exits...
2026-05-27 00:59:47,821 [INFO] Checking entries...
2026-05-27 00:59:50,042 [INFO]   BTC/USD: no signal  (close=75972.2000)
2026-05-27 00:59:51,243 [INFO]   ETH/USD: no signal  (close=2080.6500)
2026-05-27 00:59:52,529 [INFO]   SOL/USD: no signal  (close=84.0500)
2026-05-27 00:59:53,724 [INFO]   AVAX/USD: no signal  (close=9.1700)
2026-05-27 00:59:53,724 [INFO] ────────────────────────────────────────────────────────────
2026-05-27 00:59:53,724 [INFO] Open positions: 0
2026-05-27 00:59:53,724 [INFO] ────────────────────────────────────────────────────────────
2026-05-27 05:12:30,967 [INFO] ============================================================
2026-05-27 05:12:30,968 [INFO] Live Trader — PAPER MODE — 2026-05-27 05:12 UTC
2026-05-27 05:12:30,968 [INFO] ============================================================
2026-05-27 05:12:30,971 [INFO] Checking exits...
2026-05-27 05:12:30,971 [INFO] Checking entries...
2026-05-27 05:12:33,194 [INFO]   BTC/USD: no signal  (close=75499.9000)
2026-05-27 05:12:34,393 [INFO]   ETH/USD: no signal  (close=2068.9800)
2026-05-27 05:12:35,592 [INFO]   SOL/USD: no signal  (close=83.5800)
2026-05-27 05:12:36,884 [INFO]   AVAX/USD: no signal  (close=9.1300)
2026-05-27 05:12:36,885 [INFO] ────────────────────────────────────────────────────────────
2026-05-27 05:12:36,885 [INFO] Open positions: 0
2026-05-27 05:12:36,885 [INFO] ────────────────────────────────────────────────────────────
2026-05-27 09:39:02,674 [INFO] ============================================================
2026-05-27 09:39:02,674 [INFO] Live Trader — PAPER MODE — 2026-05-27 09:39 UTC
2026-05-27 09:39:02,674 [INFO] ============================================================
2026-05-27 09:39:02,677 [INFO] Checking exits...
2026-05-27 09:39:02,677 [INFO] Checking entries...
2026-05-27 09:39:04,896 [INFO]   BTC/USD: no signal  (close=75858.7000)
2026-05-27 09:39:06,095 [INFO]   ETH/USD: no signal  (close=2084.1800)
2026-05-27 09:39:07,385 [INFO]   SOL/USD: no signal  (close=83.8000)
2026-05-27 09:39:08,583 [INFO]   AVAX/USD: no signal  (close=9.1500)
2026-05-27 09:39:08,584 [INFO] ────────────────────────────────────────────────────────────
2026-05-27 09:39:08,584 [INFO] Open positions: 0
2026-05-27 09:39:08,584 [INFO] ────────────────────────────────────────────────────────────
